{"/Users/semhartesfu/FutureProof/LAP2/habit-tracker-client/static/js/content.js": {"path":"/Users/semhartesfu/FutureProof/LAP2/habit-tracker-client/static/js/content.js","statementMap":{"0":{"start":{"line":3,"column":21},"end":{"line":3,"column":50}},"1":{"start":{"line":4,"column":4},"end":{"line":4,"column":45}},"2":{"start":{"line":5,"column":18},"end":{"line":5,"column":46}},"3":{"start":{"line":6,"column":4},"end":{"line":6,"column":52}},"4":{"start":{"line":7,"column":20},"end":{"line":7,"column":48}},"5":{"start":{"line":8,"column":4},"end":{"line":8,"column":56}},"6":{"start":{"line":10,"column":21},"end":{"line":10,"column":48}},"7":{"start":{"line":11,"column":4},"end":{"line":11,"column":28}},"8":{"start":{"line":12,"column":4},"end":{"line":12,"column":27}},"9":{"start":{"line":14,"column":4},"end":{"line":14,"column":34}},"10":{"start":{"line":15,"column":4},"end":{"line":15,"column":32}},"11":{"start":{"line":16,"column":4},"end":{"line":16,"column":35}},"12":{"start":{"line":17,"column":4},"end":{"line":17,"column":31}},"13":{"start":{"line":22,"column":19},"end":{"line":26,"column":5}},"14":{"start":{"line":27,"column":17},"end":{"line":27,"column":47}},"15":{"start":{"line":29,"column":4},"end":{"line":39,"column":6}},"16":{"start":{"line":32,"column":20},"end":{"line":32,"column":49}},"17":{"start":{"line":35,"column":8},"end":{"line":37,"column":10}},"18":{"start":{"line":36,"column":12},"end":{"line":36,"column":37}},"19":{"start":{"line":38,"column":8},"end":{"line":38,"column":32}},"20":{"start":{"line":41,"column":4},"end":{"line":41,"column":36}},"21":{"start":{"line":43,"column":4},"end":{"line":43,"column":27}},"22":{"start":{"line":45,"column":23},"end":{"line":45,"column":50}},"23":{"start":{"line":46,"column":4},"end":{"line":46,"column":45}},"24":{"start":{"line":47,"column":4},"end":{"line":47,"column":40}},"25":{"start":{"line":48,"column":4},"end":{"line":48,"column":33}},"26":{"start":{"line":50,"column":4},"end":{"line":50,"column":78}},"27":{"start":{"line":55,"column":4},"end":{"line":55,"column":50}},"28":{"start":{"line":57,"column":4},"end":{"line":57,"column":39}},"29":{"start":{"line":61,"column":19},"end":{"line":67,"column":5}},"30":{"start":{"line":69,"column":17},"end":{"line":69,"column":47}},"31":{"start":{"line":71,"column":4},"end":{"line":79,"column":6}},"32":{"start":{"line":73,"column":20},"end":{"line":73,"column":49}},"33":{"start":{"line":75,"column":8},"end":{"line":77,"column":10}},"34":{"start":{"line":76,"column":12},"end":{"line":76,"column":37}},"35":{"start":{"line":78,"column":8},"end":{"line":78,"column":32}},"36":{"start":{"line":81,"column":4},"end":{"line":81,"column":39}},"37":{"start":{"line":83,"column":4},"end":{"line":83,"column":27}},"38":{"start":{"line":85,"column":20},"end":{"line":85,"column":49}},"39":{"start":{"line":86,"column":4},"end":{"line":86,"column":40}},"40":{"start":{"line":87,"column":18},"end":{"line":87,"column":135}},"41":{"start":{"line":89,"column":4},"end":{"line":93,"column":6}},"42":{"start":{"line":90,"column":19},"end":{"line":90,"column":48}},"43":{"start":{"line":91,"column":8},"end":{"line":91,"column":38}},"44":{"start":{"line":92,"column":8},"end":{"line":92,"column":34}},"45":{"start":{"line":95,"column":4},"end":{"line":95,"column":30}},"46":{"start":{"line":97,"column":23},"end":{"line":97,"column":50}},"47":{"start":{"line":98,"column":4},"end":{"line":98,"column":45}},"48":{"start":{"line":99,"column":4},"end":{"line":99,"column":37}},"49":{"start":{"line":100,"column":4},"end":{"line":100,"column":33}},"50":{"start":{"line":102,"column":4},"end":{"line":102,"column":78}},"51":{"start":{"line":106,"column":4},"end":{"line":106,"column":50}},"52":{"start":{"line":108,"column":4},"end":{"line":108,"column":42}},"53":{"start":{"line":112,"column":4},"end":{"line":112,"column":40}},"54":{"start":{"line":115,"column":0},"end":{"line":115,"column":81}}},"fnMap":{"0":{"name":"render404","decl":{"start":{"line":2,"column":9},"end":{"line":2,"column":18}},"loc":{"start":{"line":2,"column":21},"end":{"line":19,"column":1}},"line":2},"1":{"name":"renderLoginForm","decl":{"start":{"line":21,"column":9},"end":{"line":21,"column":24}},"loc":{"start":{"line":21,"column":27},"end":{"line":58,"column":1}},"line":21},"2":{"name":"(anonymous_2)","decl":{"start":{"line":29,"column":19},"end":{"line":29,"column":20}},"loc":{"start":{"line":29,"column":24},"end":{"line":39,"column":5}},"line":29},"3":{"name":"(anonymous_3)","decl":{"start":{"line":35,"column":45},"end":{"line":35,"column":46}},"loc":{"start":{"line":35,"column":57},"end":{"line":37,"column":9}},"line":35},"4":{"name":"renderRegisterForm","decl":{"start":{"line":60,"column":9},"end":{"line":60,"column":27}},"loc":{"start":{"line":60,"column":30},"end":{"line":109,"column":1}},"line":60},"5":{"name":"(anonymous_5)","decl":{"start":{"line":71,"column":19},"end":{"line":71,"column":20}},"loc":{"start":{"line":71,"column":24},"end":{"line":79,"column":5}},"line":71},"6":{"name":"(anonymous_6)","decl":{"start":{"line":75,"column":45},"end":{"line":75,"column":46}},"loc":{"start":{"line":75,"column":57},"end":{"line":77,"column":9}},"line":75},"7":{"name":"(anonymous_7)","decl":{"start":{"line":89,"column":18},"end":{"line":89,"column":19}},"loc":{"start":{"line":89,"column":25},"end":{"line":93,"column":5}},"line":89},"8":{"name":"renderUserPage","decl":{"start":{"line":111,"column":9},"end":{"line":111,"column":23}},"loc":{"start":{"line":111,"column":25},"end":{"line":113,"column":1}},"line":111}},"branchMap":{},"s":{"0":1,"1":1,"2":1,"3":1,"4":1,"5":1,"6":1,"7":1,"8":1,"9":1,"10":1,"11":1,"12":1,"13":1,"14":1,"15":1,"16":3,"17":3,"18":10,"19":3,"20":1,"21":1,"22":1,"23":1,"24":1,"25":1,"26":1,"27":1,"28":1,"29":1,"30":1,"31":1,"32":5,"33":5,"34":18,"35":5,"36":1,"37":1,"38":1,"39":1,"40":1,"41":1,"42":4,"43":4,"44":4,"45":1,"46":1,"47":1,"48":1,"49":1,"50":1,"51":1,"52":1,"53":1,"54":1},"f":{"0":1,"1":1,"2":3,"3":10,"4":1,"5":5,"6":18,"7":4,"8":1},"b":{},"_coverageSchema":"1a1c01bbd47fc00a2c39e90264f33305004495a9","hash":"7ec147656fb59989849d1d0eb317008bbc83812b"}
,"/Users/semhartesfu/FutureProof/LAP2/habit-tracker-client/static/js/index.js": {"path":"/Users/semhartesfu/FutureProof/LAP2/habit-tracker-client/static/js/index.js","statementMap":{"0":{"start":{"line":2,"column":21},"end":{"line":2,"column":49}},"1":{"start":{"line":3,"column":22},"end":{"line":3,"column":33}},"2":{"start":{"line":6,"column":0},"end":{"line":6,"column":53}},"3":{"start":{"line":7,"column":0},"end":{"line":7,"column":47}},"4":{"start":{"line":11,"column":17},"end":{"line":11,"column":37}},"5":{"start":{"line":15,"column":4},"end":{"line":20,"column":5}},"6":{"start":{"line":16,"column":8},"end":{"line":16,"column":35}},"7":{"start":{"line":17,"column":8},"end":{"line":17,"column":47}},"8":{"start":{"line":19,"column":8},"end":{"line":19,"column":25}},"9":{"start":{"line":24,"column":4},"end":{"line":24,"column":24}},"10":{"start":{"line":25,"column":4},"end":{"line":38,"column":5}},"11":{"start":{"line":26,"column":8},"end":{"line":35,"column":9}},"12":{"start":{"line":28,"column":16},"end":{"line":28,"column":34}},"13":{"start":{"line":28,"column":35},"end":{"line":28,"column":41}},"14":{"start":{"line":30,"column":16},"end":{"line":30,"column":37}},"15":{"start":{"line":30,"column":38},"end":{"line":30,"column":44}},"16":{"start":{"line":32,"column":16},"end":{"line":32,"column":33}},"17":{"start":{"line":32,"column":34},"end":{"line":32,"column":40}},"18":{"start":{"line":34,"column":16},"end":{"line":34,"column":28}},"19":{"start":{"line":34,"column":29},"end":{"line":34,"column":35}},"20":{"start":{"line":37,"column":8},"end":{"line":37,"column":26}},"21":{"start":{"line":41,"column":0},"end":{"line":44,"column":1}}},"fnMap":{"0":{"name":"updateContent","decl":{"start":{"line":10,"column":9},"end":{"line":10,"column":22}},"loc":{"start":{"line":10,"column":24},"end":{"line":21,"column":1}},"line":10},"1":{"name":"updateMain","decl":{"start":{"line":23,"column":9},"end":{"line":23,"column":19}},"loc":{"start":{"line":23,"column":26},"end":{"line":39,"column":1}},"line":23}},"branchMap":{"0":{"loc":{"start":{"line":15,"column":4},"end":{"line":20,"column":5}},"type":"if","locations":[{"start":{"line":15,"column":4},"end":{"line":20,"column":5}},{"start":{"line":15,"column":4},"end":{"line":20,"column":5}}],"line":15},"1":{"loc":{"start":{"line":15,"column":8},"end":{"line":15,"column":54}},"type":"binary-expr","locations":[{"start":{"line":15,"column":8},"end":{"line":15,"column":36}},{"start":{"line":15,"column":40},"end":{"line":15,"column":54}}],"line":15},"2":{"loc":{"start":{"line":25,"column":4},"end":{"line":38,"column":5}},"type":"if","locations":[{"start":{"line":25,"column":4},"end":{"line":38,"column":5}},{"start":{"line":25,"column":4},"end":{"line":38,"column":5}}],"line":25},"3":{"loc":{"start":{"line":26,"column":8},"end":{"line":35,"column":9}},"type":"switch","locations":[{"start":{"line":27,"column":12},"end":{"line":28,"column":41}},{"start":{"line":29,"column":12},"end":{"line":30,"column":44}},{"start":{"line":31,"column":12},"end":{"line":32,"column":40}},{"start":{"line":33,"column":12},"end":{"line":34,"column":35}}],"line":26}},"s":{"0":1,"1":1,"2":1,"3":1,"4":3,"5":3,"6":1,"7":1,"8":2,"9":7,"10":7,"11":4,"12":1,"13":1,"14":1,"15":1,"16":1,"17":1,"18":1,"19":1,"20":3,"21":1},"f":{"0":3,"1":7},"b":{"0":[1,2],"1":[3,1],"2":[4,3],"3":[1,1,1,1]},"_coverageSchema":"1a1c01bbd47fc00a2c39e90264f33305004495a9","hash":"668585bc3d3a6113f8c81336f2d78f32830f4cc0"}
,"/Users/semhartesfu/FutureProof/LAP2/habit-tracker-client/static/js/layout.js": {"path":"/Users/semhartesfu/FutureProof/LAP2/habit-tracker-client/static/js/layout.js","statementMap":{"0":{"start":{"line":2,"column":4},"end":{"line":2,"column":50}},"1":{"start":{"line":6,"column":4},"end":{"line":23,"column":5}},"2":{"start":{"line":7,"column":8},"end":{"line":7,"column":43}},"3":{"start":{"line":16,"column":8},"end":{"line":16,"column":40}},"4":{"start":{"line":26,"column":0},"end":{"line":26,"column":30}}},"fnMap":{"0":{"name":"changeForm","decl":{"start":{"line":1,"column":9},"end":{"line":1,"column":19}},"loc":{"start":{"line":1,"column":22},"end":{"line":24,"column":1}},"line":1}},"branchMap":{"0":{"loc":{"start":{"line":6,"column":4},"end":{"line":23,"column":5}},"type":"if","locations":[{"start":{"line":6,"column":4},"end":{"line":23,"column":5}},{"start":{"line":6,"column":4},"end":{"line":23,"column":5}}],"line":6}},"s":{"0":2,"1":2,"2":1,"3":1,"4":1},"f":{"0":2},"b":{"0":[1,1]},"_coverageSchema":"1a1c01bbd47fc00a2c39e90264f33305004495a9","hash":"bb64936bd6564941c0d587e4b463ea6af01ef736"}
}
