TN:
SF:static\js\content.js
FN:2,render404
FN:21,renderLoginForm
FN:30,(anonymous_2)
FN:36,(anonymous_3)
FN:61,renderRegisterForm
FN:73,(anonymous_5)
FN:77,(anonymous_6)
FN:91,(anonymous_7)
FN:113,renderUserPage
FNF:9
FNH:9
FNDA:1,render404
FNDA:1,renderLoginForm
FNDA:3,(anonymous_2)
FNDA:10,(anonymous_3)
FNDA:1,renderRegisterForm
FNDA:5,(anonymous_5)
FNDA:18,(anonymous_6)
FNDA:4,(anonymous_7)
FNDA:1,renderUserPage
DA:3,1
DA:4,1
DA:5,1
DA:6,1
DA:7,1
DA:8,1
DA:10,1
DA:11,1
DA:12,1
DA:14,1
DA:15,1
DA:16,1
DA:17,1
DA:22,1
DA:23,1
DA:28,1
DA:30,1
DA:33,3
DA:36,3
DA:37,10
DA:39,3
DA:42,1
DA:44,1
DA:46,1
DA:47,1
DA:48,1
DA:49,1
DA:51,1
DA:56,1
DA:58,1
DA:62,1
DA:63,1
DA:71,1
DA:73,1
DA:75,5
DA:77,5
DA:78,18
DA:80,5
DA:83,1
DA:85,1
DA:87,1
DA:88,1
DA:89,1
DA:91,1
DA:92,4
DA:93,4
DA:94,4
DA:97,1
DA:99,1
DA:100,1
DA:101,1
DA:102,1
DA:104,1
DA:108,1
DA:110,1
DA:114,1
DA:117,1
LF:57
LH:57
BRF:0
BRH:0
end_of_record
TN:
SF:static\js\index.js
FN:10,updateContent
FN:23,updateMain
FNF:2
FNH:2
FNDA:3,updateContent
FNDA:7,updateMain
DA:2,1
DA:3,1
DA:6,1
DA:7,1
DA:11,3
DA:15,3
DA:16,1
DA:17,1
DA:19,2
DA:24,7
DA:25,7
DA:26,4
DA:28,1
DA:30,1
DA:32,1
DA:34,1
DA:37,3
DA:41,1
LF:18
LH:18
BRDA:15,0,0,1
BRDA:15,0,1,2
BRDA:15,1,0,3
BRDA:15,1,1,1
BRDA:25,2,0,4
BRDA:25,2,1,3
BRDA:26,3,0,1
BRDA:26,3,1,1
BRDA:26,3,2,1
BRDA:26,3,3,1
BRF:10
BRH:10
end_of_record
TN:
SF:static\js\layout.js
FN:1,changeForm
FNF:1
FNH:1
FNDA:2,changeForm
DA:2,2
DA:6,2
DA:7,1
DA:16,1
DA:26,1
LF:5
LH:5
BRDA:6,0,0,1
BRDA:6,0,1,1
BRF:2
BRH:2
end_of_record
