TN:
SF:static/js/content.js
FN:2,render404
FN:21,renderLoginForm
FN:29,(anonymous_2)
FN:35,(anonymous_3)
FN:60,renderRegisterForm
FN:71,(anonymous_5)
FN:75,(anonymous_6)
FN:89,(anonymous_7)
FN:111,renderUserPage
FNF:9
FNH:9
FNDA:1,render404
FNDA:1,renderLoginForm
FNDA:3,(anonymous_2)
FNDA:10,(anonymous_3)
FNDA:1,renderRegisterForm
FNDA:5,(anonymous_5)
FNDA:18,(anonymous_6)
FNDA:4,(anonymous_7)
FNDA:1,renderUserPage
DA:3,1
DA:4,1
DA:5,1
DA:6,1
DA:7,1
DA:8,1
DA:10,1
DA:11,1
DA:12,1
DA:14,1
DA:15,1
DA:16,1
DA:17,1
DA:22,1
DA:27,1
DA:29,1
DA:32,3
DA:35,3
DA:36,10
DA:38,3
DA:41,1
DA:43,1
DA:45,1
DA:46,1
DA:47,1
DA:48,1
DA:50,1
DA:55,1
DA:57,1
DA:61,1
DA:69,1
DA:71,1
DA:73,5
DA:75,5
DA:76,18
DA:78,5
DA:81,1
DA:83,1
DA:85,1
DA:86,1
DA:87,1
DA:89,1
DA:90,4
DA:91,4
DA:92,4
DA:95,1
DA:97,1
DA:98,1
DA:99,1
DA:100,1
DA:102,1
DA:106,1
DA:108,1
DA:112,1
DA:115,1
LF:55
LH:55
BRF:0
BRH:0
end_of_record
TN:
SF:static/js/index.js
FN:10,updateContent
FN:23,updateMain
FNF:2
FNH:2
FNDA:3,updateContent
FNDA:7,updateMain
DA:2,1
DA:3,1
DA:6,1
DA:7,1
DA:11,3
DA:15,3
DA:16,1
DA:17,1
DA:19,2
DA:24,7
DA:25,7
DA:26,4
DA:28,1
DA:30,1
DA:32,1
DA:34,1
DA:37,3
DA:41,1
LF:18
LH:18
BRDA:15,0,0,1
BRDA:15,0,1,2
BRDA:15,1,0,3
BRDA:15,1,1,1
BRDA:25,2,0,4
BRDA:25,2,1,3
BRDA:26,3,0,1
BRDA:26,3,1,1
BRDA:26,3,2,1
BRDA:26,3,3,1
BRF:10
BRH:10
end_of_record
TN:
SF:static/js/layout.js
FN:1,changeForm
FNF:1
FNH:1
FNDA:2,changeForm
DA:2,2
DA:6,2
DA:7,1
DA:16,1
DA:26,1
LF:5
LH:5
BRDA:6,0,0,1
BRDA:6,0,1,1
BRF:2
BRH:2
end_of_record
